2021-03-29 17:50:10,935 INFO org.springframework.boot.StartupInfoLogger [main] Starting Application using Java 11.0.6 on i-mb-0038-yonim with PID 23474 (/Users/iwu/micrometer-demo/target/classes started by iwu in /Users/iwu/micrometer-demo)
2021-03-29 17:50:10,938 INFO org.springframework.boot.SpringApplication [main] No active profile set, falling back to default profiles: default
2021-03-29 17:50:12,060 INFO org.springframework.boot.web.embedded.tomcat.TomcatWebServer [main] Tomcat initialized with port(s): 8080 (http)
2021-03-29 17:50:12,068 INFO org.apache.juli.logging.DirectJDKLog [main] Initializing ProtocolHandler ["http-nio-8080"]
2021-03-29 17:50:12,069 INFO org.apache.juli.logging.DirectJDKLog [main] Starting service [Tomcat]
2021-03-29 17:50:12,069 INFO org.apache.juli.logging.DirectJDKLog [main] Starting Servlet engine: [Apache Tomcat/9.0.41]
2021-03-29 17:50:12,138 INFO org.apache.juli.logging.DirectJDKLog [main] Initializing Spring embedded WebApplicationContext
2021-03-29 17:50:12,139 INFO org.springframework.boot.web.servlet.context.ServletWebServerApplicationContext [main] Root WebApplicationContext: initialization completed in 1153 ms
2021-03-29 17:50:12,458 INFO org.springframework.scheduling.concurrent.ExecutorConfigurationSupport [main] Initializing ExecutorService 'applicationTaskExecutor'
2021-03-29 17:50:12,770 INFO org.springframework.scheduling.concurrent.ExecutorConfigurationSupport [main] Initializing ExecutorService 'taskScheduler'
2021-03-29 17:50:12,776 INFO org.springframework.boot.actuate.endpoint.web.EndpointLinksResolver [main] Exposing 2 endpoint(s) beneath base path '/actuator'
2021-03-29 17:50:12,805 INFO org.apache.juli.logging.DirectJDKLog [main] Starting ProtocolHandler ["http-nio-8080"]
2021-03-29 17:50:12,828 INFO org.springframework.boot.web.embedded.tomcat.TomcatWebServer [main] Tomcat started on port(s): 8080 (http) with context path ''
2021-03-29 17:50:12,847 INFO org.springframework.boot.StartupInfoLogger [main] Started Application in 2.241 seconds (JVM running for 3.457)
2021-03-29 17:50:13,108 INFO org.apache.juli.logging.DirectJDKLog [RMI TCP Connection(2)-192.168.1.189] Initializing Spring DispatcherServlet 'dispatcherServlet'
2021-03-29 17:50:13,108 INFO org.springframework.web.servlet.FrameworkServlet [RMI TCP Connection(2)-192.168.1.189] Initializing Servlet 'dispatcherServlet'
2021-03-29 17:50:13,109 INFO org.springframework.web.servlet.FrameworkServlet [RMI TCP Connection(2)-192.168.1.189] Completed initialization in 1 ms
2021-03-29 18:03:29,633 INFO org.springframework.scheduling.concurrent.ExecutorConfigurationSupport [SpringContextShutdownHook] Shutting down ExecutorService 'taskScheduler'
2021-03-29 18:03:29,635 INFO org.springframework.scheduling.concurrent.ExecutorConfigurationSupport [SpringContextShutdownHook] Shutting down ExecutorService 'applicationTaskExecutor'
2021-03-29 18:03:33,251 INFO org.springframework.boot.StartupInfoLogger [main] Starting Application using Java 11.0.6 on i-mb-0038-yonim with PID 23845 (/Users/iwu/micrometer-demo/target/classes started by iwu in /Users/iwu/micrometer-demo)
2021-03-29 18:03:33,254 INFO org.springframework.boot.SpringApplication [main] No active profile set, falling back to default profiles: default
2021-03-29 18:03:34,460 INFO org.springframework.boot.web.embedded.tomcat.TomcatWebServer [main] Tomcat initialized with port(s): 8080 (http)
2021-03-29 18:03:34,467 INFO org.apache.juli.logging.DirectJDKLog [main] Initializing ProtocolHandler ["http-nio-8080"]
2021-03-29 18:03:34,468 INFO org.apache.juli.logging.DirectJDKLog [main] Starting service [Tomcat]
2021-03-29 18:03:34,469 INFO org.apache.juli.logging.DirectJDKLog [main] Starting Servlet engine: [Apache Tomcat/9.0.41]
2021-03-29 18:03:34,553 INFO org.apache.juli.logging.DirectJDKLog [main] Initializing Spring embedded WebApplicationContext
2021-03-29 18:03:34,554 INFO org.springframework.boot.web.servlet.context.ServletWebServerApplicationContext [main] Root WebApplicationContext: initialization completed in 1210 ms
2021-03-29 18:03:35,022 INFO org.springframework.scheduling.concurrent.ExecutorConfigurationSupport [main] Initializing ExecutorService 'applicationTaskExecutor'
2021-03-29 18:03:35,384 INFO org.springframework.scheduling.concurrent.ExecutorConfigurationSupport [main] Initializing ExecutorService 'taskScheduler'
2021-03-29 18:03:35,398 INFO org.springframework.boot.actuate.endpoint.web.EndpointLinksResolver [main] Exposing 2 endpoint(s) beneath base path '/actuator'
2021-03-29 18:03:35,463 INFO org.apache.juli.logging.DirectJDKLog [main] Starting ProtocolHandler ["http-nio-8080"]
2021-03-29 18:03:35,507 INFO org.springframework.boot.web.embedded.tomcat.TomcatWebServer [main] Tomcat started on port(s): 8080 (http) with context path ''
2021-03-29 18:03:35,528 INFO org.springframework.boot.StartupInfoLogger [main] Started Application in 2.658 seconds (JVM running for 3.816)
2021-03-29 18:03:35,784 INFO org.apache.juli.logging.DirectJDKLog [RMI TCP Connection(1)-192.168.1.189] Initializing Spring DispatcherServlet 'dispatcherServlet'
2021-03-29 18:03:35,787 INFO org.springframework.web.servlet.FrameworkServlet [RMI TCP Connection(1)-192.168.1.189] Initializing Servlet 'dispatcherServlet'
2021-03-29 18:03:35,791 INFO org.springframework.web.servlet.FrameworkServlet [RMI TCP Connection(1)-192.168.1.189] Completed initialization in 3 ms
2021-03-29 18:13:19,071 INFO org.springframework.scheduling.concurrent.ExecutorConfigurationSupport [SpringContextShutdownHook] Shutting down ExecutorService 'taskScheduler'
2021-03-29 18:13:19,074 INFO org.springframework.scheduling.concurrent.ExecutorConfigurationSupport [SpringContextShutdownHook] Shutting down ExecutorService 'applicationTaskExecutor'
2021-03-29 18:13:26,918 INFO org.springframework.boot.StartupInfoLogger [main] Starting Application using Java 11.0.6 on i-mb-0038-yonim with PID 24081 (/Users/iwu/micrometer-demo/target/classes started by iwu in /Users/iwu/micrometer-demo)
2021-03-29 18:13:26,930 INFO org.springframework.boot.SpringApplication [main] No active profile set, falling back to default profiles: default
2021-03-29 18:13:28,344 INFO org.springframework.boot.web.embedded.tomcat.TomcatWebServer [main] Tomcat initialized with port(s): 8080 (http)
2021-03-29 18:13:28,350 INFO org.apache.juli.logging.DirectJDKLog [main] Initializing ProtocolHandler ["http-nio-8080"]
2021-03-29 18:13:28,351 INFO org.apache.juli.logging.DirectJDKLog [main] Starting service [Tomcat]
2021-03-29 18:13:28,351 INFO org.apache.juli.logging.DirectJDKLog [main] Starting Servlet engine: [Apache Tomcat/9.0.41]
2021-03-29 18:13:28,414 INFO org.apache.juli.logging.DirectJDKLog [main] Initializing Spring embedded WebApplicationContext
2021-03-29 18:13:28,414 INFO org.springframework.boot.web.servlet.context.ServletWebServerApplicationContext [main] Root WebApplicationContext: initialization completed in 1359 ms
2021-03-29 18:13:28,729 INFO org.springframework.scheduling.concurrent.ExecutorConfigurationSupport [main] Initializing ExecutorService 'applicationTaskExecutor'
2021-03-29 18:13:28,982 INFO org.springframework.scheduling.concurrent.ExecutorConfigurationSupport [main] Initializing ExecutorService 'taskScheduler'
2021-03-29 18:13:28,987 INFO org.springframework.boot.actuate.endpoint.web.EndpointLinksResolver [main] Exposing 2 endpoint(s) beneath base path '/actuator'
2021-03-29 18:13:29,013 INFO org.apache.juli.logging.DirectJDKLog [main] Starting ProtocolHandler ["http-nio-8080"]
2021-03-29 18:13:29,033 INFO org.springframework.boot.web.embedded.tomcat.TomcatWebServer [main] Tomcat started on port(s): 8080 (http) with context path ''
2021-03-29 18:13:29,049 INFO org.springframework.boot.StartupInfoLogger [main] Started Application in 2.737 seconds (JVM running for 3.865)
2021-03-29 18:13:29,214 INFO org.apache.juli.logging.DirectJDKLog [RMI TCP Connection(1)-192.168.1.189] Initializing Spring DispatcherServlet 'dispatcherServlet'
2021-03-29 18:13:29,215 INFO org.springframework.web.servlet.FrameworkServlet [RMI TCP Connection(1)-192.168.1.189] Initializing Servlet 'dispatcherServlet'
2021-03-29 18:13:29,216 INFO org.springframework.web.servlet.FrameworkServlet [RMI TCP Connection(1)-192.168.1.189] Completed initialization in 1 ms
2021-03-29 22:29:59,718 INFO org.springframework.scheduling.concurrent.ExecutorConfigurationSupport [SpringContextShutdownHook] Shutting down ExecutorService 'taskScheduler'
2021-03-29 22:29:59,721 INFO org.springframework.scheduling.concurrent.ExecutorConfigurationSupport [SpringContextShutdownHook] Shutting down ExecutorService 'applicationTaskExecutor'
2021-03-29 22:30:06,824 INFO org.springframework.boot.StartupInfoLogger [main] Starting Application using Java 11.0.6 on i-mb-0038-yonim with PID 33583 (/Users/iwu/micrometer-demo/target/classes started by iwu in /Users/iwu/micrometer-demo)
2021-03-29 22:30:06,833 INFO org.springframework.boot.SpringApplication [main] No active profile set, falling back to default profiles: default
2021-03-29 22:30:07,905 INFO org.springframework.boot.web.embedded.tomcat.TomcatWebServer [main] Tomcat initialized with port(s): 8080 (http)
2021-03-29 22:30:07,912 INFO org.apache.juli.logging.DirectJDKLog [main] Initializing ProtocolHandler ["http-nio-8080"]
2021-03-29 22:30:07,912 INFO org.apache.juli.logging.DirectJDKLog [main] Starting service [Tomcat]
2021-03-29 22:30:07,912 INFO org.apache.juli.logging.DirectJDKLog [main] Starting Servlet engine: [Apache Tomcat/9.0.41]
2021-03-29 22:30:07,971 INFO org.apache.juli.logging.DirectJDKLog [main] Initializing Spring embedded WebApplicationContext
2021-03-29 22:30:07,972 INFO org.springframework.boot.web.servlet.context.ServletWebServerApplicationContext [main] Root WebApplicationContext: initialization completed in 1068 ms
2021-03-29 22:30:08,262 INFO org.springframework.scheduling.concurrent.ExecutorConfigurationSupport [main] Initializing ExecutorService 'applicationTaskExecutor'
2021-03-29 22:30:08,580 INFO org.springframework.scheduling.concurrent.ExecutorConfigurationSupport [main] Initializing ExecutorService 'taskScheduler'
2021-03-29 22:30:08,585 INFO org.springframework.boot.actuate.endpoint.web.EndpointLinksResolver [main] Exposing 2 endpoint(s) beneath base path '/actuator'
2021-03-29 22:30:08,610 INFO org.apache.juli.logging.DirectJDKLog [main] Starting ProtocolHandler ["http-nio-8080"]
2021-03-29 22:30:08,631 INFO org.springframework.boot.web.embedded.tomcat.TomcatWebServer [main] Tomcat started on port(s): 8080 (http) with context path ''
2021-03-29 22:30:08,647 INFO org.springframework.boot.StartupInfoLogger [main] Started Application in 2.295 seconds (JVM running for 3.578)
2021-03-29 22:30:09,194 INFO org.apache.juli.logging.DirectJDKLog [RMI TCP Connection(1)-192.168.1.189] Initializing Spring DispatcherServlet 'dispatcherServlet'
2021-03-29 22:30:09,194 INFO org.springframework.web.servlet.FrameworkServlet [RMI TCP Connection(1)-192.168.1.189] Initializing Servlet 'dispatcherServlet'
2021-03-29 22:30:09,195 INFO org.springframework.web.servlet.FrameworkServlet [RMI TCP Connection(1)-192.168.1.189] Completed initialization in 1 ms
2021-03-29 22:44:07,989 INFO org.springframework.scheduling.concurrent.ExecutorConfigurationSupport [SpringContextShutdownHook] Shutting down ExecutorService 'taskScheduler'
2021-03-29 22:44:07,992 INFO org.springframework.scheduling.concurrent.ExecutorConfigurationSupport [SpringContextShutdownHook] Shutting down ExecutorService 'applicationTaskExecutor'
2021-03-29 22:44:12,889 INFO org.springframework.boot.StartupInfoLogger [main] Starting Application using Java 11.0.6 on i-mb-0038-yonim with PID 33827 (/Users/iwu/micrometer-demo/target/classes started by iwu in /Users/iwu/micrometer-demo)
2021-03-29 22:44:12,892 INFO org.springframework.boot.SpringApplication [main] No active profile set, falling back to default profiles: default
2021-03-29 22:44:14,329 INFO org.springframework.boot.web.embedded.tomcat.TomcatWebServer [main] Tomcat initialized with port(s): 8080 (http)
2021-03-29 22:44:14,335 INFO org.apache.juli.logging.DirectJDKLog [main] Initializing ProtocolHandler ["http-nio-8080"]
2021-03-29 22:44:14,336 INFO org.apache.juli.logging.DirectJDKLog [main] Starting service [Tomcat]
2021-03-29 22:44:14,336 INFO org.apache.juli.logging.DirectJDKLog [main] Starting Servlet engine: [Apache Tomcat/9.0.41]
2021-03-29 22:44:14,395 INFO org.apache.juli.logging.DirectJDKLog [main] Initializing Spring embedded WebApplicationContext
2021-03-29 22:44:14,396 INFO org.springframework.boot.web.servlet.context.ServletWebServerApplicationContext [main] Root WebApplicationContext: initialization completed in 1457 ms
2021-03-29 22:44:14,690 INFO org.springframework.scheduling.concurrent.ExecutorConfigurationSupport [main] Initializing ExecutorService 'applicationTaskExecutor'
2021-03-29 22:44:14,918 INFO org.springframework.scheduling.concurrent.ExecutorConfigurationSupport [main] Initializing ExecutorService 'taskScheduler'
2021-03-29 22:44:14,927 INFO org.springframework.boot.actuate.endpoint.web.EndpointLinksResolver [main] Exposing 2 endpoint(s) beneath base path '/actuator'
2021-03-29 22:44:14,951 INFO org.apache.juli.logging.DirectJDKLog [main] Starting ProtocolHandler ["http-nio-8080"]
2021-03-29 22:44:14,970 INFO org.springframework.boot.web.embedded.tomcat.TomcatWebServer [main] Tomcat started on port(s): 8080 (http) with context path ''
2021-03-29 22:44:14,987 INFO org.springframework.boot.StartupInfoLogger [main] Started Application in 2.498 seconds (JVM running for 3.396)
2021-03-29 22:44:15,061 INFO org.apache.juli.logging.DirectJDKLog [RMI TCP Connection(2)-192.168.1.189] Initializing Spring DispatcherServlet 'dispatcherServlet'
2021-03-29 22:44:15,061 INFO org.springframework.web.servlet.FrameworkServlet [RMI TCP Connection(2)-192.168.1.189] Initializing Servlet 'dispatcherServlet'
2021-03-29 22:44:15,062 INFO org.springframework.web.servlet.FrameworkServlet [RMI TCP Connection(2)-192.168.1.189] Completed initialization in 0 ms
2021-03-29 22:48:09,786 INFO org.springframework.scheduling.concurrent.ExecutorConfigurationSupport [SpringContextShutdownHook] Shutting down ExecutorService 'taskScheduler'
2021-03-29 22:48:09,788 INFO org.springframework.scheduling.concurrent.ExecutorConfigurationSupport [SpringContextShutdownHook] Shutting down ExecutorService 'applicationTaskExecutor'
2021-03-29 22:57:05,017 INFO org.springframework.boot.StartupInfoLogger [main] Starting Application using Java 11.0.6 on i-mb-0038-yonim with PID 34167 (/Users/iwu/micrometer-demo/target/classes started by iwu in /Users/iwu/micrometer-demo)
2021-03-29 22:57:05,021 INFO org.springframework.boot.SpringApplication [main] No active profile set, falling back to default profiles: default
2021-03-29 22:57:06,062 INFO org.springframework.boot.web.embedded.tomcat.TomcatWebServer [main] Tomcat initialized with port(s): 8080 (http)
2021-03-29 22:57:06,069 INFO org.apache.juli.logging.DirectJDKLog [main] Initializing ProtocolHandler ["http-nio-8080"]
2021-03-29 22:57:06,070 INFO org.apache.juli.logging.DirectJDKLog [main] Starting service [Tomcat]
2021-03-29 22:57:06,070 INFO org.apache.juli.logging.DirectJDKLog [main] Starting Servlet engine: [Apache Tomcat/9.0.41]
2021-03-29 22:57:06,132 INFO org.apache.juli.logging.DirectJDKLog [main] Initializing Spring embedded WebApplicationContext
2021-03-29 22:57:06,133 INFO org.springframework.boot.web.servlet.context.ServletWebServerApplicationContext [main] Root WebApplicationContext: initialization completed in 1066 ms
2021-03-29 22:57:06,460 INFO org.springframework.scheduling.concurrent.ExecutorConfigurationSupport [main] Initializing ExecutorService 'applicationTaskExecutor'
2021-03-29 22:57:06,767 INFO org.springframework.scheduling.concurrent.ExecutorConfigurationSupport [main] Initializing ExecutorService 'taskScheduler'
2021-03-29 22:57:06,773 INFO org.springframework.boot.actuate.endpoint.web.EndpointLinksResolver [main] Exposing 2 endpoint(s) beneath base path '/actuator'
2021-03-29 22:57:06,799 INFO org.apache.juli.logging.DirectJDKLog [main] Starting ProtocolHandler ["http-nio-8080"]
2021-03-29 22:57:06,819 INFO org.springframework.boot.web.embedded.tomcat.TomcatWebServer [main] Tomcat started on port(s): 8080 (http) with context path ''
2021-03-29 22:57:06,836 INFO org.springframework.boot.StartupInfoLogger [main] Started Application in 2.311 seconds (JVM running for 3.298)
2021-03-29 22:57:07,035 INFO org.apache.juli.logging.DirectJDKLog [RMI TCP Connection(2)-192.168.1.189] Initializing Spring DispatcherServlet 'dispatcherServlet'
2021-03-29 22:57:07,035 INFO org.springframework.web.servlet.FrameworkServlet [RMI TCP Connection(2)-192.168.1.189] Initializing Servlet 'dispatcherServlet'
2021-03-29 22:57:07,037 INFO org.springframework.web.servlet.FrameworkServlet [RMI TCP Connection(2)-192.168.1.189] Completed initialization in 1 ms
2021-03-29 23:12:11,831 INFO org.springframework.scheduling.concurrent.ExecutorConfigurationSupport [SpringContextShutdownHook] Shutting down ExecutorService 'taskScheduler'
2021-03-29 23:12:11,834 INFO org.springframework.scheduling.concurrent.ExecutorConfigurationSupport [SpringContextShutdownHook] Shutting down ExecutorService 'applicationTaskExecutor'
2021-03-29 23:12:17,622 INFO org.springframework.boot.StartupInfoLogger [main] Starting Application using Java 11.0.6 on i-mb-0038-yonim with PID 34469 (/Users/iwu/micrometer-demo/target/classes started by iwu in /Users/iwu/micrometer-demo)
2021-03-29 23:12:17,626 INFO org.springframework.boot.SpringApplication [main] No active profile set, falling back to default profiles: default
2021-03-29 23:12:18,730 INFO org.springframework.boot.web.embedded.tomcat.TomcatWebServer [main] Tomcat initialized with port(s): 8080 (http)
2021-03-29 23:12:18,738 INFO org.apache.juli.logging.DirectJDKLog [main] Initializing ProtocolHandler ["http-nio-8080"]
2021-03-29 23:12:18,739 INFO org.apache.juli.logging.DirectJDKLog [main] Starting service [Tomcat]
2021-03-29 23:12:18,739 INFO org.apache.juli.logging.DirectJDKLog [main] Starting Servlet engine: [Apache Tomcat/9.0.41]
2021-03-29 23:12:18,802 INFO org.apache.juli.logging.DirectJDKLog [main] Initializing Spring embedded WebApplicationContext
2021-03-29 23:12:18,802 INFO org.springframework.boot.web.servlet.context.ServletWebServerApplicationContext [main] Root WebApplicationContext: initialization completed in 1128 ms
2021-03-29 23:12:19,114 INFO org.springframework.scheduling.concurrent.ExecutorConfigurationSupport [main] Initializing ExecutorService 'applicationTaskExecutor'
2021-03-29 23:12:19,378 INFO org.springframework.scheduling.concurrent.ExecutorConfigurationSupport [main] Initializing ExecutorService 'taskScheduler'
2021-03-29 23:12:19,384 INFO org.springframework.boot.actuate.endpoint.web.EndpointLinksResolver [main] Exposing 2 endpoint(s) beneath base path '/actuator'
2021-03-29 23:12:19,409 INFO org.apache.juli.logging.DirectJDKLog [main] Starting ProtocolHandler ["http-nio-8080"]
2021-03-29 23:12:19,429 INFO org.springframework.boot.web.embedded.tomcat.TomcatWebServer [main] Tomcat started on port(s): 8080 (http) with context path ''
2021-03-29 23:12:19,445 INFO org.springframework.boot.StartupInfoLogger [main] Started Application in 2.208 seconds (JVM running for 3.09)
2021-03-29 23:12:19,877 INFO org.apache.juli.logging.DirectJDKLog [RMI TCP Connection(2)-192.168.1.189] Initializing Spring DispatcherServlet 'dispatcherServlet'
2021-03-29 23:12:19,877 INFO org.springframework.web.servlet.FrameworkServlet [RMI TCP Connection(2)-192.168.1.189] Initializing Servlet 'dispatcherServlet'
2021-03-29 23:12:19,878 INFO org.springframework.web.servlet.FrameworkServlet [RMI TCP Connection(2)-192.168.1.189] Completed initialization in 0 ms
2021-03-29 23:31:26,667 INFO org.springframework.scheduling.concurrent.ExecutorConfigurationSupport [SpringContextShutdownHook] Shutting down ExecutorService 'taskScheduler'
2021-03-29 23:31:26,670 INFO org.springframework.scheduling.concurrent.ExecutorConfigurationSupport [SpringContextShutdownHook] Shutting down ExecutorService 'applicationTaskExecutor'
2021-03-29 23:31:32,349 INFO org.springframework.boot.StartupInfoLogger [main] Starting Application using Java 11.0.6 on i-mb-0038-yonim with PID 34818 (/Users/iwu/micrometer-demo/target/classes started by iwu in /Users/iwu/micrometer-demo)
2021-03-29 23:31:32,352 INFO org.springframework.boot.SpringApplication [main] No active profile set, falling back to default profiles: default
2021-03-29 23:31:33,843 INFO org.springframework.boot.web.embedded.tomcat.TomcatWebServer [main] Tomcat initialized with port(s): 8080 (http)
2021-03-29 23:31:33,850 INFO org.apache.juli.logging.DirectJDKLog [main] Initializing ProtocolHandler ["http-nio-8080"]
2021-03-29 23:31:33,851 INFO org.apache.juli.logging.DirectJDKLog [main] Starting service [Tomcat]
2021-03-29 23:31:33,851 INFO org.apache.juli.logging.DirectJDKLog [main] Starting Servlet engine: [Apache Tomcat/9.0.41]
2021-03-29 23:31:33,914 INFO org.apache.juli.logging.DirectJDKLog [main] Initializing Spring embedded WebApplicationContext
2021-03-29 23:31:33,914 INFO org.springframework.boot.web.servlet.context.ServletWebServerApplicationContext [main] Root WebApplicationContext: initialization completed in 1516 ms
2021-03-29 23:31:34,305 INFO org.springframework.scheduling.concurrent.ExecutorConfigurationSupport [main] Initializing ExecutorService 'applicationTaskExecutor'
2021-03-29 23:31:34,547 INFO org.springframework.scheduling.concurrent.ExecutorConfigurationSupport [main] Initializing ExecutorService 'taskScheduler'
2021-03-29 23:31:34,552 INFO org.springframework.boot.actuate.endpoint.web.EndpointLinksResolver [main] Exposing 2 endpoint(s) beneath base path '/actuator'
2021-03-29 23:31:34,577 INFO org.apache.juli.logging.DirectJDKLog [main] Starting ProtocolHandler ["http-nio-8080"]
2021-03-29 23:31:34,606 INFO org.springframework.boot.web.embedded.tomcat.TomcatWebServer [main] Tomcat started on port(s): 8080 (http) with context path ''
2021-03-29 23:31:34,622 INFO org.springframework.boot.StartupInfoLogger [main] Started Application in 2.809 seconds (JVM running for 4.213)
2021-03-29 23:31:35,071 INFO org.apache.juli.logging.DirectJDKLog [RMI TCP Connection(1)-192.168.1.189] Initializing Spring DispatcherServlet 'dispatcherServlet'
2021-03-29 23:31:35,071 INFO org.springframework.web.servlet.FrameworkServlet [RMI TCP Connection(1)-192.168.1.189] Initializing Servlet 'dispatcherServlet'
2021-03-29 23:31:35,073 INFO org.springframework.web.servlet.FrameworkServlet [RMI TCP Connection(1)-192.168.1.189] Completed initialization in 1 ms
2021-03-29 23:34:06,069 INFO org.springframework.scheduling.concurrent.ExecutorConfigurationSupport [SpringContextShutdownHook] Shutting down ExecutorService 'taskScheduler'
2021-03-29 23:34:06,072 INFO org.springframework.scheduling.concurrent.ExecutorConfigurationSupport [SpringContextShutdownHook] Shutting down ExecutorService 'applicationTaskExecutor'
2021-03-29 23:34:10,811 INFO org.springframework.boot.StartupInfoLogger [main] Starting Application using Java 11.0.6 on i-mb-0038-yonim with PID 34868 (/Users/iwu/micrometer-demo/target/classes started by iwu in /Users/iwu/micrometer-demo)
2021-03-29 23:34:10,814 INFO org.springframework.boot.SpringApplication [main] No active profile set, falling back to default profiles: default
2021-03-29 23:34:11,873 INFO org.springframework.boot.web.embedded.tomcat.TomcatWebServer [main] Tomcat initialized with port(s): 8080 (http)
2021-03-29 23:34:11,879 INFO org.apache.juli.logging.DirectJDKLog [main] Initializing ProtocolHandler ["http-nio-8080"]
2021-03-29 23:34:11,879 INFO org.apache.juli.logging.DirectJDKLog [main] Starting service [Tomcat]
2021-03-29 23:34:11,879 INFO org.apache.juli.logging.DirectJDKLog [main] Starting Servlet engine: [Apache Tomcat/9.0.41]
2021-03-29 23:34:11,936 INFO org.apache.juli.logging.DirectJDKLog [main] Initializing Spring embedded WebApplicationContext
2021-03-29 23:34:11,937 INFO org.springframework.boot.web.servlet.context.ServletWebServerApplicationContext [main] Root WebApplicationContext: initialization completed in 1084 ms
2021-03-29 23:34:12,234 INFO org.springframework.scheduling.concurrent.ExecutorConfigurationSupport [main] Initializing ExecutorService 'applicationTaskExecutor'
2021-03-29 23:34:12,477 INFO org.springframework.scheduling.concurrent.ExecutorConfigurationSupport [main] Initializing ExecutorService 'taskScheduler'
2021-03-29 23:34:12,482 INFO org.springframework.boot.actuate.endpoint.web.EndpointLinksResolver [main] Exposing 2 endpoint(s) beneath base path '/actuator'
2021-03-29 23:34:12,510 INFO org.apache.juli.logging.DirectJDKLog [main] Starting ProtocolHandler ["http-nio-8080"]
2021-03-29 23:34:12,530 INFO org.springframework.boot.web.embedded.tomcat.TomcatWebServer [main] Tomcat started on port(s): 8080 (http) with context path ''
2021-03-29 23:34:12,545 INFO org.springframework.boot.StartupInfoLogger [main] Started Application in 2.148 seconds (JVM running for 3.204)
2021-03-29 23:34:12,751 INFO org.apache.juli.logging.DirectJDKLog [RMI TCP Connection(1)-192.168.1.189] Initializing Spring DispatcherServlet 'dispatcherServlet'
2021-03-29 23:34:12,752 INFO org.springframework.web.servlet.FrameworkServlet [RMI TCP Connection(1)-192.168.1.189] Initializing Servlet 'dispatcherServlet'
2021-03-29 23:34:12,754 INFO org.springframework.web.servlet.FrameworkServlet [RMI TCP Connection(1)-192.168.1.189] Completed initialization in 2 ms
2021-03-29 23:40:45,430 INFO org.springframework.scheduling.concurrent.ExecutorConfigurationSupport [SpringContextShutdownHook] Shutting down ExecutorService 'taskScheduler'
2021-03-29 23:40:45,432 INFO org.springframework.scheduling.concurrent.ExecutorConfigurationSupport [SpringContextShutdownHook] Shutting down ExecutorService 'applicationTaskExecutor'
