2021-03-26 23:29:44,774 INFO org.springframework.boot.StartupInfoLogger [main] Starting Application using Java 11.0.6 on i-mb-0038-yonim with PID 5825 (/Users/iwu/micrometer-demo/target/classes started by iwu in /Users/iwu/micrometer-demo)
2021-03-26 23:29:44,777 INFO org.springframework.boot.SpringApplication [main] No active profile set, falling back to default profiles: default
2021-03-26 23:29:45,774 INFO org.springframework.boot.web.embedded.tomcat.TomcatWebServer [main] Tomcat initialized with port(s): 8080 (http)
2021-03-26 23:29:45,780 INFO org.apache.juli.logging.DirectJDKLog [main] Initializing ProtocolHandler ["http-nio-8080"]
2021-03-26 23:29:45,781 INFO org.apache.juli.logging.DirectJDKLog [main] Starting service [Tomcat]
2021-03-26 23:29:45,781 INFO org.apache.juli.logging.DirectJDKLog [main] Starting Servlet engine: [Apache Tomcat/9.0.41]
2021-03-26 23:29:45,838 INFO org.apache.juli.logging.DirectJDKLog [main] Initializing Spring embedded WebApplicationContext
2021-03-26 23:29:45,839 INFO org.springframework.boot.web.servlet.context.ServletWebServerApplicationContext [main] Root WebApplicationContext: initialization completed in 1021 ms
2021-03-26 23:29:46,130 INFO org.springframework.scheduling.concurrent.ExecutorConfigurationSupport [main] Initializing ExecutorService 'applicationTaskExecutor'
2021-03-26 23:29:46,373 INFO org.springframework.scheduling.concurrent.ExecutorConfigurationSupport [main] Initializing ExecutorService 'taskScheduler'
2021-03-26 23:29:46,378 INFO org.springframework.boot.actuate.endpoint.web.EndpointLinksResolver [main] Exposing 2 endpoint(s) beneath base path '/actuator'
2021-03-26 23:29:46,400 INFO org.apache.juli.logging.DirectJDKLog [main] Starting ProtocolHandler ["http-nio-8080"]
2021-03-26 23:29:46,420 INFO org.springframework.boot.web.embedded.tomcat.TomcatWebServer [main] Tomcat started on port(s): 8080 (http) with context path ''
2021-03-26 23:29:46,434 INFO org.springframework.boot.StartupInfoLogger [main] Started Application in 1.989 seconds (JVM running for 2.947)
2021-03-26 23:29:46,916 INFO org.apache.juli.logging.DirectJDKLog [RMI TCP Connection(3)-10.100.102.11] Initializing Spring DispatcherServlet 'dispatcherServlet'
2021-03-26 23:29:46,917 INFO org.springframework.web.servlet.FrameworkServlet [RMI TCP Connection(3)-10.100.102.11] Initializing Servlet 'dispatcherServlet'
2021-03-26 23:29:46,918 INFO org.springframework.web.servlet.FrameworkServlet [RMI TCP Connection(3)-10.100.102.11] Completed initialization in 1 ms
2021-03-26 23:37:13,652 INFO org.springframework.scheduling.concurrent.ExecutorConfigurationSupport [SpringContextShutdownHook] Shutting down ExecutorService 'taskScheduler'
2021-03-26 23:37:13,654 INFO org.springframework.scheduling.concurrent.ExecutorConfigurationSupport [SpringContextShutdownHook] Shutting down ExecutorService 'applicationTaskExecutor'
2021-03-26 23:37:18,593 INFO org.springframework.boot.StartupInfoLogger [main] Starting Application using Java 11.0.6 on i-mb-0038-yonim with PID 6073 (/Users/iwu/micrometer-demo/target/classes started by iwu in /Users/iwu/micrometer-demo)
2021-03-26 23:37:18,600 INFO org.springframework.boot.SpringApplication [main] No active profile set, falling back to default profiles: default
2021-03-26 23:37:19,636 INFO org.springframework.boot.web.embedded.tomcat.TomcatWebServer [main] Tomcat initialized with port(s): 8080 (http)
2021-03-26 23:37:19,643 INFO org.apache.juli.logging.DirectJDKLog [main] Initializing ProtocolHandler ["http-nio-8080"]
2021-03-26 23:37:19,643 INFO org.apache.juli.logging.DirectJDKLog [main] Starting service [Tomcat]
2021-03-26 23:37:19,644 INFO org.apache.juli.logging.DirectJDKLog [main] Starting Servlet engine: [Apache Tomcat/9.0.41]
2021-03-26 23:37:19,712 INFO org.apache.juli.logging.DirectJDKLog [main] Initializing Spring embedded WebApplicationContext
2021-03-26 23:37:19,713 INFO org.springframework.boot.web.servlet.context.ServletWebServerApplicationContext [main] Root WebApplicationContext: initialization completed in 1006 ms
2021-03-26 23:37:20,055 INFO org.springframework.scheduling.concurrent.ExecutorConfigurationSupport [main] Initializing ExecutorService 'applicationTaskExecutor'
2021-03-26 23:37:20,308 INFO org.springframework.scheduling.concurrent.ExecutorConfigurationSupport [main] Initializing ExecutorService 'taskScheduler'
2021-03-26 23:37:20,313 INFO org.springframework.boot.actuate.endpoint.web.EndpointLinksResolver [main] Exposing 2 endpoint(s) beneath base path '/actuator'
2021-03-26 23:37:20,340 INFO org.apache.juli.logging.DirectJDKLog [main] Starting ProtocolHandler ["http-nio-8080"]
2021-03-26 23:37:20,361 INFO org.springframework.boot.web.embedded.tomcat.TomcatWebServer [main] Tomcat started on port(s): 8080 (http) with context path ''
2021-03-26 23:37:20,378 INFO org.springframework.boot.StartupInfoLogger [main] Started Application in 2.167 seconds (JVM running for 2.981)
2021-03-26 23:37:20,885 INFO org.apache.juli.logging.DirectJDKLog [RMI TCP Connection(4)-10.100.102.11] Initializing Spring DispatcherServlet 'dispatcherServlet'
2021-03-26 23:37:20,886 INFO org.springframework.web.servlet.FrameworkServlet [RMI TCP Connection(4)-10.100.102.11] Initializing Servlet 'dispatcherServlet'
2021-03-26 23:37:20,887 INFO org.springframework.web.servlet.FrameworkServlet [RMI TCP Connection(4)-10.100.102.11] Completed initialization in 1 ms
2021-03-26 23:42:45,402 INFO org.springframework.scheduling.concurrent.ExecutorConfigurationSupport [SpringContextShutdownHook] Shutting down ExecutorService 'taskScheduler'
2021-03-26 23:42:45,404 INFO org.springframework.scheduling.concurrent.ExecutorConfigurationSupport [SpringContextShutdownHook] Shutting down ExecutorService 'applicationTaskExecutor'
2021-03-26 23:42:51,729 INFO org.springframework.boot.StartupInfoLogger [main] Starting Application using Java 11.0.6 on i-mb-0038-yonim with PID 6192 (/Users/iwu/micrometer-demo/target/classes started by iwu in /Users/iwu/micrometer-demo)
2021-03-26 23:42:51,732 INFO org.springframework.boot.SpringApplication [main] No active profile set, falling back to default profiles: default
2021-03-26 23:42:52,722 INFO org.springframework.boot.web.embedded.tomcat.TomcatWebServer [main] Tomcat initialized with port(s): 8080 (http)
2021-03-26 23:42:52,729 INFO org.apache.juli.logging.DirectJDKLog [main] Initializing ProtocolHandler ["http-nio-8080"]
2021-03-26 23:42:52,729 INFO org.apache.juli.logging.DirectJDKLog [main] Starting service [Tomcat]
2021-03-26 23:42:52,729 INFO org.apache.juli.logging.DirectJDKLog [main] Starting Servlet engine: [Apache Tomcat/9.0.41]
2021-03-26 23:42:52,790 INFO org.apache.juli.logging.DirectJDKLog [main] Initializing Spring embedded WebApplicationContext
2021-03-26 23:42:52,790 INFO org.springframework.boot.web.servlet.context.ServletWebServerApplicationContext [main] Root WebApplicationContext: initialization completed in 1015 ms
2021-03-26 23:42:53,103 INFO org.springframework.scheduling.concurrent.ExecutorConfigurationSupport [main] Initializing ExecutorService 'applicationTaskExecutor'
2021-03-26 23:42:53,358 INFO org.springframework.scheduling.concurrent.ExecutorConfigurationSupport [main] Initializing ExecutorService 'taskScheduler'
2021-03-26 23:42:53,364 INFO org.springframework.boot.actuate.endpoint.web.EndpointLinksResolver [main] Exposing 2 endpoint(s) beneath base path '/actuator'
2021-03-26 23:42:53,390 INFO org.apache.juli.logging.DirectJDKLog [main] Starting ProtocolHandler ["http-nio-8080"]
2021-03-26 23:42:53,410 INFO org.springframework.boot.web.embedded.tomcat.TomcatWebServer [main] Tomcat started on port(s): 8080 (http) with context path ''
2021-03-26 23:42:53,427 INFO org.springframework.boot.StartupInfoLogger [main] Started Application in 2.038 seconds (JVM running for 2.883)
2021-03-26 23:42:53,514 INFO org.apache.juli.logging.DirectJDKLog [RMI TCP Connection(2)-10.100.102.11] Initializing Spring DispatcherServlet 'dispatcherServlet'
2021-03-26 23:42:53,515 INFO org.springframework.web.servlet.FrameworkServlet [RMI TCP Connection(2)-10.100.102.11] Initializing Servlet 'dispatcherServlet'
2021-03-26 23:42:53,516 INFO org.springframework.web.servlet.FrameworkServlet [RMI TCP Connection(2)-10.100.102.11] Completed initialization in 1 ms
2021-03-26 23:44:08,227 INFO org.springframework.scheduling.concurrent.ExecutorConfigurationSupport [SpringContextShutdownHook] Shutting down ExecutorService 'taskScheduler'
2021-03-26 23:44:08,230 INFO org.springframework.scheduling.concurrent.ExecutorConfigurationSupport [SpringContextShutdownHook] Shutting down ExecutorService 'applicationTaskExecutor'
2021-03-26 23:44:12,183 INFO org.springframework.boot.StartupInfoLogger [main] Starting Application using Java 11.0.6 on i-mb-0038-yonim with PID 6230 (/Users/iwu/micrometer-demo/target/classes started by iwu in /Users/iwu/micrometer-demo)
2021-03-26 23:44:12,186 INFO org.springframework.boot.SpringApplication [main] No active profile set, falling back to default profiles: default
2021-03-26 23:44:13,184 INFO org.springframework.boot.web.embedded.tomcat.TomcatWebServer [main] Tomcat initialized with port(s): 8080 (http)
2021-03-26 23:44:13,190 INFO org.apache.juli.logging.DirectJDKLog [main] Initializing ProtocolHandler ["http-nio-8080"]
2021-03-26 23:44:13,191 INFO org.apache.juli.logging.DirectJDKLog [main] Starting service [Tomcat]
2021-03-26 23:44:13,191 INFO org.apache.juli.logging.DirectJDKLog [main] Starting Servlet engine: [Apache Tomcat/9.0.41]
2021-03-26 23:44:13,248 INFO org.apache.juli.logging.DirectJDKLog [main] Initializing Spring embedded WebApplicationContext
2021-03-26 23:44:13,248 INFO org.springframework.boot.web.servlet.context.ServletWebServerApplicationContext [main] Root WebApplicationContext: initialization completed in 1016 ms
2021-03-26 23:44:13,563 INFO org.springframework.scheduling.concurrent.ExecutorConfigurationSupport [main] Initializing ExecutorService 'applicationTaskExecutor'
2021-03-26 23:44:13,806 INFO org.springframework.scheduling.concurrent.ExecutorConfigurationSupport [main] Initializing ExecutorService 'taskScheduler'
2021-03-26 23:44:13,811 INFO org.springframework.boot.actuate.endpoint.web.EndpointLinksResolver [main] Exposing 2 endpoint(s) beneath base path '/actuator'
2021-03-26 23:44:13,838 INFO org.apache.juli.logging.DirectJDKLog [main] Starting ProtocolHandler ["http-nio-8080"]
2021-03-26 23:44:13,858 INFO org.springframework.boot.web.embedded.tomcat.TomcatWebServer [main] Tomcat started on port(s): 8080 (http) with context path ''
2021-03-26 23:44:13,874 INFO org.springframework.boot.StartupInfoLogger [main] Started Application in 2.033 seconds (JVM running for 2.871)
2021-03-26 23:44:14,378 INFO org.apache.juli.logging.DirectJDKLog [RMI TCP Connection(1)-10.100.102.11] Initializing Spring DispatcherServlet 'dispatcherServlet'
2021-03-26 23:44:14,379 INFO org.springframework.web.servlet.FrameworkServlet [RMI TCP Connection(1)-10.100.102.11] Initializing Servlet 'dispatcherServlet'
2021-03-26 23:44:14,380 INFO org.springframework.web.servlet.FrameworkServlet [RMI TCP Connection(1)-10.100.102.11] Completed initialization in 1 ms
2021-03-26 23:44:37,857 INFO org.springframework.scheduling.concurrent.ExecutorConfigurationSupport [SpringContextShutdownHook] Shutting down ExecutorService 'taskScheduler'
2021-03-26 23:44:37,859 INFO org.springframework.scheduling.concurrent.ExecutorConfigurationSupport [SpringContextShutdownHook] Shutting down ExecutorService 'applicationTaskExecutor'
2021-03-26 23:44:42,173 INFO org.springframework.boot.StartupInfoLogger [main] Starting Application using Java 11.0.6 on i-mb-0038-yonim with PID 6251 (/Users/iwu/micrometer-demo/target/classes started by iwu in /Users/iwu/micrometer-demo)
2021-03-26 23:44:42,177 INFO org.springframework.boot.SpringApplication [main] No active profile set, falling back to default profiles: default
2021-03-26 23:44:43,081 INFO org.springframework.boot.web.embedded.tomcat.TomcatWebServer [main] Tomcat initialized with port(s): 8080 (http)
2021-03-26 23:44:43,088 INFO org.apache.juli.logging.DirectJDKLog [main] Initializing ProtocolHandler ["http-nio-8080"]
2021-03-26 23:44:43,089 INFO org.apache.juli.logging.DirectJDKLog [main] Starting service [Tomcat]
2021-03-26 23:44:43,089 INFO org.apache.juli.logging.DirectJDKLog [main] Starting Servlet engine: [Apache Tomcat/9.0.41]
2021-03-26 23:44:43,148 INFO org.apache.juli.logging.DirectJDKLog [main] Initializing Spring embedded WebApplicationContext
2021-03-26 23:44:43,149 INFO org.springframework.boot.web.servlet.context.ServletWebServerApplicationContext [main] Root WebApplicationContext: initialization completed in 923 ms
2021-03-26 23:44:43,443 INFO org.springframework.scheduling.concurrent.ExecutorConfigurationSupport [main] Initializing ExecutorService 'applicationTaskExecutor'
2021-03-26 23:44:43,693 INFO org.springframework.scheduling.concurrent.ExecutorConfigurationSupport [main] Initializing ExecutorService 'taskScheduler'
2021-03-26 23:44:43,699 INFO org.springframework.boot.actuate.endpoint.web.EndpointLinksResolver [main] Exposing 2 endpoint(s) beneath base path '/actuator'
2021-03-26 23:44:43,724 INFO org.apache.juli.logging.DirectJDKLog [main] Starting ProtocolHandler ["http-nio-8080"]
2021-03-26 23:44:43,744 INFO org.springframework.boot.web.embedded.tomcat.TomcatWebServer [main] Tomcat started on port(s): 8080 (http) with context path ''
2021-03-26 23:44:43,761 INFO org.springframework.boot.StartupInfoLogger [main] Started Application in 1.924 seconds (JVM running for 2.752)
2021-03-26 23:44:43,923 INFO org.apache.juli.logging.DirectJDKLog [RMI TCP Connection(4)-10.100.102.11] Initializing Spring DispatcherServlet 'dispatcherServlet'
2021-03-26 23:44:43,923 INFO org.springframework.web.servlet.FrameworkServlet [RMI TCP Connection(4)-10.100.102.11] Initializing Servlet 'dispatcherServlet'
2021-03-26 23:44:43,925 INFO org.springframework.web.servlet.FrameworkServlet [RMI TCP Connection(4)-10.100.102.11] Completed initialization in 1 ms
2021-03-26 23:45:56,528 INFO org.springframework.scheduling.concurrent.ExecutorConfigurationSupport [SpringContextShutdownHook] Shutting down ExecutorService 'taskScheduler'
2021-03-26 23:45:56,531 INFO org.springframework.scheduling.concurrent.ExecutorConfigurationSupport [SpringContextShutdownHook] Shutting down ExecutorService 'applicationTaskExecutor'
2021-03-26 23:46:00,340 INFO org.springframework.boot.StartupInfoLogger [main] Starting Application using Java 11.0.6 on i-mb-0038-yonim with PID 6272 (/Users/iwu/micrometer-demo/target/classes started by iwu in /Users/iwu/micrometer-demo)
2021-03-26 23:46:00,343 INFO org.springframework.boot.SpringApplication [main] No active profile set, falling back to default profiles: default
2021-03-26 23:46:01,272 INFO org.springframework.boot.web.embedded.tomcat.TomcatWebServer [main] Tomcat initialized with port(s): 8080 (http)
2021-03-26 23:46:01,278 INFO org.apache.juli.logging.DirectJDKLog [main] Initializing ProtocolHandler ["http-nio-8080"]
2021-03-26 23:46:01,279 INFO org.apache.juli.logging.DirectJDKLog [main] Starting service [Tomcat]
2021-03-26 23:46:01,279 INFO org.apache.juli.logging.DirectJDKLog [main] Starting Servlet engine: [Apache Tomcat/9.0.41]
2021-03-26 23:46:01,340 INFO org.apache.juli.logging.DirectJDKLog [main] Initializing Spring embedded WebApplicationContext
2021-03-26 23:46:01,340 INFO org.springframework.boot.web.servlet.context.ServletWebServerApplicationContext [main] Root WebApplicationContext: initialization completed in 958 ms
2021-03-26 23:46:01,695 INFO org.springframework.scheduling.concurrent.ExecutorConfigurationSupport [main] Initializing ExecutorService 'applicationTaskExecutor'
2021-03-26 23:46:01,992 INFO org.springframework.scheduling.concurrent.ExecutorConfigurationSupport [main] Initializing ExecutorService 'taskScheduler'
2021-03-26 23:46:01,998 INFO org.springframework.boot.actuate.endpoint.web.EndpointLinksResolver [main] Exposing 2 endpoint(s) beneath base path '/actuator'
2021-03-26 23:46:02,029 INFO org.apache.juli.logging.DirectJDKLog [main] Starting ProtocolHandler ["http-nio-8080"]
2021-03-26 23:46:02,051 INFO org.springframework.boot.web.embedded.tomcat.TomcatWebServer [main] Tomcat started on port(s): 8080 (http) with context path ''
2021-03-26 23:46:02,068 INFO org.springframework.boot.StartupInfoLogger [main] Started Application in 2.028 seconds (JVM running for 2.824)
2021-03-26 23:46:02,154 INFO org.apache.juli.logging.DirectJDKLog [RMI TCP Connection(5)-10.100.102.11] Initializing Spring DispatcherServlet 'dispatcherServlet'
2021-03-26 23:46:02,155 INFO org.springframework.web.servlet.FrameworkServlet [RMI TCP Connection(5)-10.100.102.11] Initializing Servlet 'dispatcherServlet'
2021-03-26 23:46:02,156 INFO org.springframework.web.servlet.FrameworkServlet [RMI TCP Connection(5)-10.100.102.11] Completed initialization in 1 ms
2021-03-26 23:58:26,387 INFO org.springframework.scheduling.concurrent.ExecutorConfigurationSupport [SpringContextShutdownHook] Shutting down ExecutorService 'taskScheduler'
2021-03-26 23:58:26,389 INFO org.springframework.scheduling.concurrent.ExecutorConfigurationSupport [SpringContextShutdownHook] Shutting down ExecutorService 'applicationTaskExecutor'
2021-03-26 23:58:30,735 INFO org.springframework.boot.StartupInfoLogger [main] Starting Application using Java 11.0.6 on i-mb-0038-yonim with PID 6499 (/Users/iwu/micrometer-demo/target/classes started by iwu in /Users/iwu/micrometer-demo)
2021-03-26 23:58:30,738 INFO org.springframework.boot.SpringApplication [main] No active profile set, falling back to default profiles: default
2021-03-26 23:58:31,784 INFO org.springframework.boot.web.embedded.tomcat.TomcatWebServer [main] Tomcat initialized with port(s): 8080 (http)
2021-03-26 23:58:31,791 INFO org.apache.juli.logging.DirectJDKLog [main] Initializing ProtocolHandler ["http-nio-8080"]
2021-03-26 23:58:31,792 INFO org.apache.juli.logging.DirectJDKLog [main] Starting service [Tomcat]
2021-03-26 23:58:31,792 INFO org.apache.juli.logging.DirectJDKLog [main] Starting Servlet engine: [Apache Tomcat/9.0.41]
2021-03-26 23:58:31,858 INFO org.apache.juli.logging.DirectJDKLog [main] Initializing Spring embedded WebApplicationContext
2021-03-26 23:58:31,859 INFO org.springframework.boot.web.servlet.context.ServletWebServerApplicationContext [main] Root WebApplicationContext: initialization completed in 1085 ms
2021-03-26 23:58:32,137 INFO org.springframework.scheduling.concurrent.ExecutorConfigurationSupport [main] Initializing ExecutorService 'applicationTaskExecutor'
2021-03-26 23:58:32,377 INFO org.springframework.scheduling.concurrent.ExecutorConfigurationSupport [main] Initializing ExecutorService 'taskScheduler'
2021-03-26 23:58:32,382 INFO org.springframework.boot.actuate.endpoint.web.EndpointLinksResolver [main] Exposing 2 endpoint(s) beneath base path '/actuator'
2021-03-26 23:58:32,406 INFO org.apache.juli.logging.DirectJDKLog [main] Starting ProtocolHandler ["http-nio-8080"]
2021-03-26 23:58:32,425 INFO org.springframework.boot.web.embedded.tomcat.TomcatWebServer [main] Tomcat started on port(s): 8080 (http) with context path ''
2021-03-26 23:58:32,441 INFO org.springframework.boot.StartupInfoLogger [main] Started Application in 2.008 seconds (JVM running for 2.888)
2021-03-26 23:58:32,639 INFO org.apache.juli.logging.DirectJDKLog [RMI TCP Connection(4)-10.100.102.11] Initializing Spring DispatcherServlet 'dispatcherServlet'
2021-03-26 23:58:32,639 INFO org.springframework.web.servlet.FrameworkServlet [RMI TCP Connection(4)-10.100.102.11] Initializing Servlet 'dispatcherServlet'
2021-03-26 23:58:32,642 INFO org.springframework.web.servlet.FrameworkServlet [RMI TCP Connection(4)-10.100.102.11] Completed initialization in 2 ms
