2021-03-28 12:01:09,165 INFO org.springframework.boot.StartupInfoLogger [main] Starting Application using Java 11.0.6 on i-mb-0038-yonim with PID 13615 (/Users/iwu/micrometer-demo/target/classes started by iwu in /Users/iwu/micrometer-demo)
2021-03-28 12:01:09,167 INFO org.springframework.boot.SpringApplication [main] No active profile set, falling back to default profiles: default
2021-03-28 12:01:10,179 INFO org.springframework.boot.web.embedded.tomcat.TomcatWebServer [main] Tomcat initialized with port(s): 8080 (http)
2021-03-28 12:01:10,187 INFO org.apache.juli.logging.DirectJDKLog [main] Initializing ProtocolHandler ["http-nio-8080"]
2021-03-28 12:01:10,187 INFO org.apache.juli.logging.DirectJDKLog [main] Starting service [Tomcat]
2021-03-28 12:01:10,188 INFO org.apache.juli.logging.DirectJDKLog [main] Starting Servlet engine: [Apache Tomcat/9.0.41]
2021-03-28 12:01:10,258 INFO org.apache.juli.logging.DirectJDKLog [main] Initializing Spring embedded WebApplicationContext
2021-03-28 12:01:10,258 INFO org.springframework.boot.web.servlet.context.ServletWebServerApplicationContext [main] Root WebApplicationContext: initialization completed in 1050 ms
2021-03-28 12:01:10,559 INFO org.springframework.scheduling.concurrent.ExecutorConfigurationSupport [main] Initializing ExecutorService 'applicationTaskExecutor'
2021-03-28 12:01:10,823 INFO org.springframework.scheduling.concurrent.ExecutorConfigurationSupport [main] Initializing ExecutorService 'taskScheduler'
2021-03-28 12:01:10,828 INFO org.springframework.boot.actuate.endpoint.web.EndpointLinksResolver [main] Exposing 2 endpoint(s) beneath base path '/actuator'
2021-03-28 12:01:10,855 INFO org.apache.juli.logging.DirectJDKLog [main] Starting ProtocolHandler ["http-nio-8080"]
2021-03-28 12:01:10,876 INFO org.springframework.boot.web.embedded.tomcat.TomcatWebServer [main] Tomcat started on port(s): 8080 (http) with context path ''
2021-03-28 12:01:10,893 INFO org.springframework.boot.StartupInfoLogger [main] Started Application in 2.065 seconds (JVM running for 8.021)
2021-03-28 12:01:11,309 INFO org.apache.juli.logging.DirectJDKLog [RMI TCP Connection(1)-172.20.10.2] Initializing Spring DispatcherServlet 'dispatcherServlet'
2021-03-28 12:01:11,310 INFO org.springframework.web.servlet.FrameworkServlet [RMI TCP Connection(1)-172.20.10.2] Initializing Servlet 'dispatcherServlet'
2021-03-28 12:01:11,312 INFO org.springframework.web.servlet.FrameworkServlet [RMI TCP Connection(1)-172.20.10.2] Completed initialization in 2 ms
2021-03-28 19:27:13,919 INFO org.springframework.scheduling.concurrent.ExecutorConfigurationSupport [SpringContextShutdownHook] Shutting down ExecutorService 'taskScheduler'
2021-03-28 19:27:13,921 INFO org.springframework.scheduling.concurrent.ExecutorConfigurationSupport [SpringContextShutdownHook] Shutting down ExecutorService 'applicationTaskExecutor'
2021-03-28 19:27:17,697 INFO org.springframework.boot.StartupInfoLogger [main] Starting Application using Java 11.0.6 on i-mb-0038-yonim with PID 17842 (/Users/iwu/micrometer-demo/target/classes started by iwu in /Users/iwu/micrometer-demo)
2021-03-28 19:27:17,702 INFO org.springframework.boot.SpringApplication [main] No active profile set, falling back to default profiles: default
2021-03-28 19:27:18,711 INFO org.springframework.boot.web.embedded.tomcat.TomcatWebServer [main] Tomcat initialized with port(s): 8080 (http)
2021-03-28 19:27:18,719 INFO org.apache.juli.logging.DirectJDKLog [main] Initializing ProtocolHandler ["http-nio-8080"]
2021-03-28 19:27:18,719 INFO org.apache.juli.logging.DirectJDKLog [main] Starting service [Tomcat]
2021-03-28 19:27:18,719 INFO org.apache.juli.logging.DirectJDKLog [main] Starting Servlet engine: [Apache Tomcat/9.0.41]
2021-03-28 19:27:18,799 INFO org.apache.juli.logging.DirectJDKLog [main] Initializing Spring embedded WebApplicationContext
2021-03-28 19:27:18,799 INFO org.springframework.boot.web.servlet.context.ServletWebServerApplicationContext [main] Root WebApplicationContext: initialization completed in 1047 ms
2021-03-28 19:27:19,102 INFO org.springframework.scheduling.concurrent.ExecutorConfigurationSupport [main] Initializing ExecutorService 'applicationTaskExecutor'
2021-03-28 19:27:19,367 INFO org.springframework.scheduling.concurrent.ExecutorConfigurationSupport [main] Initializing ExecutorService 'taskScheduler'
2021-03-28 19:27:19,372 INFO org.springframework.boot.actuate.endpoint.web.EndpointLinksResolver [main] Exposing 2 endpoint(s) beneath base path '/actuator'
2021-03-28 19:27:19,398 INFO org.apache.juli.logging.DirectJDKLog [main] Starting ProtocolHandler ["http-nio-8080"]
2021-03-28 19:27:19,417 INFO org.springframework.boot.web.embedded.tomcat.TomcatWebServer [main] Tomcat started on port(s): 8080 (http) with context path ''
2021-03-28 19:27:19,433 INFO org.springframework.boot.StartupInfoLogger [main] Started Application in 2.106 seconds (JVM running for 3.179)
2021-03-28 19:27:19,930 INFO org.apache.juli.logging.DirectJDKLog [RMI TCP Connection(4)-172.20.10.2] Initializing Spring DispatcherServlet 'dispatcherServlet'
2021-03-28 19:27:19,931 INFO org.springframework.web.servlet.FrameworkServlet [RMI TCP Connection(4)-172.20.10.2] Initializing Servlet 'dispatcherServlet'
2021-03-28 19:27:19,932 INFO org.springframework.web.servlet.FrameworkServlet [RMI TCP Connection(4)-172.20.10.2] Completed initialization in 1 ms
2021-03-28 19:28:11,240 INFO org.springframework.scheduling.concurrent.ExecutorConfigurationSupport [SpringContextShutdownHook] Shutting down ExecutorService 'taskScheduler'
2021-03-28 19:28:11,242 INFO org.springframework.scheduling.concurrent.ExecutorConfigurationSupport [SpringContextShutdownHook] Shutting down ExecutorService 'applicationTaskExecutor'
2021-03-28 19:28:17,204 INFO org.springframework.boot.StartupInfoLogger [main] Starting Application using Java 11.0.6 on i-mb-0038-yonim with PID 17872 (/Users/iwu/micrometer-demo/target/classes started by iwu in /Users/iwu/micrometer-demo)
2021-03-28 19:28:17,210 INFO org.springframework.boot.SpringApplication [main] No active profile set, falling back to default profiles: default
2021-03-28 19:28:18,153 INFO org.springframework.boot.web.embedded.tomcat.TomcatWebServer [main] Tomcat initialized with port(s): 8080 (http)
2021-03-28 19:28:18,160 INFO org.apache.juli.logging.DirectJDKLog [main] Initializing ProtocolHandler ["http-nio-8080"]
2021-03-28 19:28:18,160 INFO org.apache.juli.logging.DirectJDKLog [main] Starting service [Tomcat]
2021-03-28 19:28:18,161 INFO org.apache.juli.logging.DirectJDKLog [main] Starting Servlet engine: [Apache Tomcat/9.0.41]
2021-03-28 19:28:18,218 INFO org.apache.juli.logging.DirectJDKLog [main] Initializing Spring embedded WebApplicationContext
2021-03-28 19:28:18,219 INFO org.springframework.boot.web.servlet.context.ServletWebServerApplicationContext [main] Root WebApplicationContext: initialization completed in 950 ms
2021-03-28 19:28:18,503 INFO org.springframework.scheduling.concurrent.ExecutorConfigurationSupport [main] Initializing ExecutorService 'applicationTaskExecutor'
2021-03-28 19:28:18,755 INFO org.springframework.scheduling.concurrent.ExecutorConfigurationSupport [main] Initializing ExecutorService 'taskScheduler'
2021-03-28 19:28:18,761 INFO org.springframework.boot.actuate.endpoint.web.EndpointLinksResolver [main] Exposing 2 endpoint(s) beneath base path '/actuator'
2021-03-28 19:28:18,785 INFO org.apache.juli.logging.DirectJDKLog [main] Starting ProtocolHandler ["http-nio-8080"]
2021-03-28 19:28:18,805 INFO org.springframework.boot.web.embedded.tomcat.TomcatWebServer [main] Tomcat started on port(s): 8080 (http) with context path ''
2021-03-28 19:28:18,822 INFO org.springframework.boot.StartupInfoLogger [main] Started Application in 1.953 seconds (JVM running for 2.805)
2021-03-28 19:28:18,928 INFO org.apache.juli.logging.DirectJDKLog [RMI TCP Connection(2)-172.20.10.2] Initializing Spring DispatcherServlet 'dispatcherServlet'
2021-03-28 19:28:18,929 INFO org.springframework.web.servlet.FrameworkServlet [RMI TCP Connection(2)-172.20.10.2] Initializing Servlet 'dispatcherServlet'
2021-03-28 19:28:18,930 INFO org.springframework.web.servlet.FrameworkServlet [RMI TCP Connection(2)-172.20.10.2] Completed initialization in 1 ms
2021-03-28 19:36:07,750 INFO org.springframework.scheduling.concurrent.ExecutorConfigurationSupport [SpringContextShutdownHook] Shutting down ExecutorService 'taskScheduler'
2021-03-28 19:36:07,752 INFO org.springframework.scheduling.concurrent.ExecutorConfigurationSupport [SpringContextShutdownHook] Shutting down ExecutorService 'applicationTaskExecutor'
2021-03-28 19:36:10,475 INFO org.springframework.boot.StartupInfoLogger [main] Starting Application using Java 11.0.6 on i-mb-0038-yonim with PID 18071 (/Users/iwu/micrometer-demo/target/classes started by iwu in /Users/iwu/micrometer-demo)
2021-03-28 19:36:10,478 INFO org.springframework.boot.SpringApplication [main] No active profile set, falling back to default profiles: default
2021-03-28 19:36:11,416 INFO org.springframework.boot.web.embedded.tomcat.TomcatWebServer [main] Tomcat initialized with port(s): 8080 (http)
2021-03-28 19:36:11,423 INFO org.apache.juli.logging.DirectJDKLog [main] Initializing ProtocolHandler ["http-nio-8080"]
2021-03-28 19:36:11,424 INFO org.apache.juli.logging.DirectJDKLog [main] Starting service [Tomcat]
2021-03-28 19:36:11,424 INFO org.apache.juli.logging.DirectJDKLog [main] Starting Servlet engine: [Apache Tomcat/9.0.41]
2021-03-28 19:36:11,482 INFO org.apache.juli.logging.DirectJDKLog [main] Initializing Spring embedded WebApplicationContext
2021-03-28 19:36:11,483 INFO org.springframework.boot.web.servlet.context.ServletWebServerApplicationContext [main] Root WebApplicationContext: initialization completed in 962 ms
2021-03-28 19:36:11,764 INFO org.springframework.scheduling.concurrent.ExecutorConfigurationSupport [main] Initializing ExecutorService 'applicationTaskExecutor'
2021-03-28 19:36:12,018 INFO org.springframework.scheduling.concurrent.ExecutorConfigurationSupport [main] Initializing ExecutorService 'taskScheduler'
2021-03-28 19:36:12,024 INFO org.springframework.boot.actuate.endpoint.web.EndpointLinksResolver [main] Exposing 2 endpoint(s) beneath base path '/actuator'
2021-03-28 19:36:12,049 INFO org.apache.juli.logging.DirectJDKLog [main] Starting ProtocolHandler ["http-nio-8080"]
2021-03-28 19:36:12,071 INFO org.springframework.boot.web.embedded.tomcat.TomcatWebServer [main] Tomcat started on port(s): 8080 (http) with context path ''
2021-03-28 19:36:12,086 INFO org.springframework.boot.StartupInfoLogger [main] Started Application in 1.889 seconds (JVM running for 2.726)
2021-03-28 19:36:12,224 INFO org.apache.juli.logging.DirectJDKLog [RMI TCP Connection(3)-172.20.10.2] Initializing Spring DispatcherServlet 'dispatcherServlet'
2021-03-28 19:36:12,225 INFO org.springframework.web.servlet.FrameworkServlet [RMI TCP Connection(3)-172.20.10.2] Initializing Servlet 'dispatcherServlet'
2021-03-28 19:36:12,227 INFO org.springframework.web.servlet.FrameworkServlet [RMI TCP Connection(3)-172.20.10.2] Completed initialization in 2 ms
2021-03-28 20:16:16,293 INFO org.springframework.scheduling.concurrent.ExecutorConfigurationSupport [SpringContextShutdownHook] Shutting down ExecutorService 'taskScheduler'
2021-03-28 20:16:16,296 INFO org.springframework.scheduling.concurrent.ExecutorConfigurationSupport [SpringContextShutdownHook] Shutting down ExecutorService 'applicationTaskExecutor'
2021-03-28 20:16:22,062 INFO org.springframework.boot.StartupInfoLogger [main] Starting Application using Java 11.0.6 on i-mb-0038-yonim with PID 18834 (/Users/iwu/micrometer-demo/target/classes started by iwu in /Users/iwu/micrometer-demo)
2021-03-28 20:16:22,065 INFO org.springframework.boot.SpringApplication [main] No active profile set, falling back to default profiles: default
2021-03-28 20:16:22,910 INFO org.springframework.boot.web.embedded.tomcat.TomcatWebServer [main] Tomcat initialized with port(s): 8080 (http)
2021-03-28 20:16:22,916 INFO org.apache.juli.logging.DirectJDKLog [main] Initializing ProtocolHandler ["http-nio-8080"]
2021-03-28 20:16:22,916 INFO org.apache.juli.logging.DirectJDKLog [main] Starting service [Tomcat]
2021-03-28 20:16:22,916 INFO org.apache.juli.logging.DirectJDKLog [main] Starting Servlet engine: [Apache Tomcat/9.0.41]
2021-03-28 20:16:22,971 INFO org.apache.juli.logging.DirectJDKLog [main] Initializing Spring embedded WebApplicationContext
2021-03-28 20:16:22,971 INFO org.springframework.boot.web.servlet.context.ServletWebServerApplicationContext [main] Root WebApplicationContext: initialization completed in 870 ms
2021-03-28 20:16:23,264 INFO org.springframework.scheduling.concurrent.ExecutorConfigurationSupport [main] Initializing ExecutorService 'applicationTaskExecutor'
2021-03-28 20:16:23,533 INFO org.springframework.scheduling.concurrent.ExecutorConfigurationSupport [main] Initializing ExecutorService 'taskScheduler'
2021-03-28 20:16:23,538 INFO org.springframework.boot.actuate.endpoint.web.EndpointLinksResolver [main] Exposing 2 endpoint(s) beneath base path '/actuator'
2021-03-28 20:16:23,564 INFO org.apache.juli.logging.DirectJDKLog [main] Starting ProtocolHandler ["http-nio-8080"]
2021-03-28 20:16:23,583 INFO org.springframework.boot.web.embedded.tomcat.TomcatWebServer [main] Tomcat started on port(s): 8080 (http) with context path ''
2021-03-28 20:16:23,599 INFO org.springframework.boot.StartupInfoLogger [main] Started Application in 1.898 seconds (JVM running for 2.714)
2021-03-28 20:16:23,787 INFO org.apache.juli.logging.DirectJDKLog [RMI TCP Connection(1)-172.20.10.2] Initializing Spring DispatcherServlet 'dispatcherServlet'
2021-03-28 20:16:23,788 INFO org.springframework.web.servlet.FrameworkServlet [RMI TCP Connection(1)-172.20.10.2] Initializing Servlet 'dispatcherServlet'
2021-03-28 20:16:23,789 INFO org.springframework.web.servlet.FrameworkServlet [RMI TCP Connection(1)-172.20.10.2] Completed initialization in 1 ms
2021-03-28 21:08:18,874 INFO org.springframework.scheduling.concurrent.ExecutorConfigurationSupport [SpringContextShutdownHook] Shutting down ExecutorService 'taskScheduler'
2021-03-28 21:08:18,876 INFO org.springframework.scheduling.concurrent.ExecutorConfigurationSupport [SpringContextShutdownHook] Shutting down ExecutorService 'applicationTaskExecutor'
2021-03-28 21:08:22,511 INFO org.springframework.boot.StartupInfoLogger [main] Starting Application using Java 11.0.6 on i-mb-0038-yonim with PID 19761 (/Users/iwu/micrometer-demo/target/classes started by iwu in /Users/iwu/micrometer-demo)
2021-03-28 21:08:22,514 INFO org.springframework.boot.SpringApplication [main] No active profile set, falling back to default profiles: default
2021-03-28 21:08:23,855 INFO org.springframework.boot.web.embedded.tomcat.TomcatWebServer [main] Tomcat initialized with port(s): 8080 (http)
2021-03-28 21:08:23,866 INFO org.apache.juli.logging.DirectJDKLog [main] Initializing ProtocolHandler ["http-nio-8080"]
2021-03-28 21:08:23,867 INFO org.apache.juli.logging.DirectJDKLog [main] Starting service [Tomcat]
2021-03-28 21:08:23,867 INFO org.apache.juli.logging.DirectJDKLog [main] Starting Servlet engine: [Apache Tomcat/9.0.41]
2021-03-28 21:08:23,947 INFO org.apache.juli.logging.DirectJDKLog [main] Initializing Spring embedded WebApplicationContext
2021-03-28 21:08:23,947 INFO org.springframework.boot.web.servlet.context.ServletWebServerApplicationContext [main] Root WebApplicationContext: initialization completed in 1384 ms
2021-03-28 21:08:24,239 INFO org.springframework.scheduling.concurrent.ExecutorConfigurationSupport [main] Initializing ExecutorService 'applicationTaskExecutor'
2021-03-28 21:08:24,492 INFO org.springframework.scheduling.concurrent.ExecutorConfigurationSupport [main] Initializing ExecutorService 'taskScheduler'
2021-03-28 21:08:24,498 INFO org.springframework.boot.actuate.endpoint.web.EndpointLinksResolver [main] Exposing 2 endpoint(s) beneath base path '/actuator'
2021-03-28 21:08:24,522 INFO org.apache.juli.logging.DirectJDKLog [main] Starting ProtocolHandler ["http-nio-8080"]
2021-03-28 21:08:24,544 INFO org.springframework.boot.web.embedded.tomcat.TomcatWebServer [main] Tomcat started on port(s): 8080 (http) with context path ''
2021-03-28 21:08:24,560 INFO org.springframework.boot.StartupInfoLogger [main] Started Application in 2.458 seconds (JVM running for 3.562)
2021-03-28 21:08:25,006 INFO org.apache.juli.logging.DirectJDKLog [RMI TCP Connection(1)-172.20.10.2] Initializing Spring DispatcherServlet 'dispatcherServlet'
2021-03-28 21:08:25,007 INFO org.springframework.web.servlet.FrameworkServlet [RMI TCP Connection(1)-172.20.10.2] Initializing Servlet 'dispatcherServlet'
2021-03-28 21:08:25,010 INFO org.springframework.web.servlet.FrameworkServlet [RMI TCP Connection(1)-172.20.10.2] Completed initialization in 2 ms
2021-03-28 21:22:50,231 INFO org.springframework.scheduling.concurrent.ExecutorConfigurationSupport [SpringContextShutdownHook] Shutting down ExecutorService 'taskScheduler'
2021-03-28 21:22:50,236 INFO org.springframework.scheduling.concurrent.ExecutorConfigurationSupport [SpringContextShutdownHook] Shutting down ExecutorService 'applicationTaskExecutor'
2021-03-28 21:22:53,386 INFO org.springframework.boot.StartupInfoLogger [main] Starting Application using Java 11.0.6 on i-mb-0038-yonim with PID 19957 (/Users/iwu/micrometer-demo/target/classes started by iwu in /Users/iwu/micrometer-demo)
2021-03-28 21:22:53,389 INFO org.springframework.boot.SpringApplication [main] No active profile set, falling back to default profiles: default
2021-03-28 21:22:54,355 INFO org.springframework.boot.web.embedded.tomcat.TomcatWebServer [main] Tomcat initialized with port(s): 8080 (http)
2021-03-28 21:22:54,360 INFO org.apache.juli.logging.DirectJDKLog [main] Initializing ProtocolHandler ["http-nio-8080"]
2021-03-28 21:22:54,361 INFO org.apache.juli.logging.DirectJDKLog [main] Starting service [Tomcat]
2021-03-28 21:22:54,361 INFO org.apache.juli.logging.DirectJDKLog [main] Starting Servlet engine: [Apache Tomcat/9.0.41]
2021-03-28 21:22:54,419 INFO org.apache.juli.logging.DirectJDKLog [main] Initializing Spring embedded WebApplicationContext
2021-03-28 21:22:54,419 INFO org.springframework.boot.web.servlet.context.ServletWebServerApplicationContext [main] Root WebApplicationContext: initialization completed in 982 ms
2021-03-28 21:22:54,761 INFO org.springframework.scheduling.concurrent.ExecutorConfigurationSupport [main] Initializing ExecutorService 'applicationTaskExecutor'
2021-03-28 21:22:55,023 INFO org.springframework.scheduling.concurrent.ExecutorConfigurationSupport [main] Initializing ExecutorService 'taskScheduler'
2021-03-28 21:22:55,029 INFO org.springframework.boot.actuate.endpoint.web.EndpointLinksResolver [main] Exposing 2 endpoint(s) beneath base path '/actuator'
2021-03-28 21:22:55,055 INFO org.apache.juli.logging.DirectJDKLog [main] Starting ProtocolHandler ["http-nio-8080"]
2021-03-28 21:22:55,074 INFO org.springframework.boot.web.embedded.tomcat.TomcatWebServer [main] Tomcat started on port(s): 8080 (http) with context path ''
2021-03-28 21:22:55,090 INFO org.springframework.boot.StartupInfoLogger [main] Started Application in 2.094 seconds (JVM running for 3.032)
2021-03-28 21:22:55,525 INFO org.apache.juli.logging.DirectJDKLog [RMI TCP Connection(1)-172.20.10.2] Initializing Spring DispatcherServlet 'dispatcherServlet'
2021-03-28 21:22:55,526 INFO org.springframework.web.servlet.FrameworkServlet [RMI TCP Connection(1)-172.20.10.2] Initializing Servlet 'dispatcherServlet'
2021-03-28 21:22:55,527 INFO org.springframework.web.servlet.FrameworkServlet [RMI TCP Connection(1)-172.20.10.2] Completed initialization in 1 ms
2021-03-28 22:48:33,318 INFO org.springframework.scheduling.concurrent.ExecutorConfigurationSupport [SpringContextShutdownHook] Shutting down ExecutorService 'taskScheduler'
2021-03-28 22:48:33,321 INFO org.springframework.scheduling.concurrent.ExecutorConfigurationSupport [SpringContextShutdownHook] Shutting down ExecutorService 'applicationTaskExecutor'
2021-03-28 22:48:38,182 INFO org.springframework.boot.StartupInfoLogger [main] Starting Application using Java 11.0.6 on i-mb-0038-yonim with PID 21640 (/Users/iwu/micrometer-demo/target/classes started by iwu in /Users/iwu/micrometer-demo)
2021-03-28 22:48:38,185 INFO org.springframework.boot.SpringApplication [main] No active profile set, falling back to default profiles: default
2021-03-28 22:48:39,378 INFO org.springframework.boot.web.embedded.tomcat.TomcatWebServer [main] Tomcat initialized with port(s): 8080 (http)
2021-03-28 22:48:39,389 INFO org.apache.juli.logging.DirectJDKLog [main] Initializing ProtocolHandler ["http-nio-8080"]
2021-03-28 22:48:39,390 INFO org.apache.juli.logging.DirectJDKLog [main] Starting service [Tomcat]
2021-03-28 22:48:39,390 INFO org.apache.juli.logging.DirectJDKLog [main] Starting Servlet engine: [Apache Tomcat/9.0.41]
2021-03-28 22:48:39,488 INFO org.apache.juli.logging.DirectJDKLog [main] Initializing Spring embedded WebApplicationContext
2021-03-28 22:48:39,488 INFO org.springframework.boot.web.servlet.context.ServletWebServerApplicationContext [main] Root WebApplicationContext: initialization completed in 1257 ms
2021-03-28 22:48:39,866 INFO org.springframework.scheduling.concurrent.ExecutorConfigurationSupport [main] Initializing ExecutorService 'applicationTaskExecutor'
2021-03-28 22:48:40,142 INFO org.springframework.scheduling.concurrent.ExecutorConfigurationSupport [main] Initializing ExecutorService 'taskScheduler'
2021-03-28 22:48:40,147 INFO org.springframework.boot.actuate.endpoint.web.EndpointLinksResolver [main] Exposing 2 endpoint(s) beneath base path '/actuator'
2021-03-28 22:48:40,173 INFO org.apache.juli.logging.DirectJDKLog [main] Starting ProtocolHandler ["http-nio-8080"]
2021-03-28 22:48:40,192 INFO org.springframework.boot.web.embedded.tomcat.TomcatWebServer [main] Tomcat started on port(s): 8080 (http) with context path ''
2021-03-28 22:48:40,208 INFO org.springframework.boot.StartupInfoLogger [main] Started Application in 2.513 seconds (JVM running for 3.671)
2021-03-28 22:48:40,649 INFO org.apache.juli.logging.DirectJDKLog [RMI TCP Connection(1)-172.20.10.2] Initializing Spring DispatcherServlet 'dispatcherServlet'
2021-03-28 22:48:40,650 INFO org.springframework.web.servlet.FrameworkServlet [RMI TCP Connection(1)-172.20.10.2] Initializing Servlet 'dispatcherServlet'
2021-03-28 22:48:40,651 INFO org.springframework.web.servlet.FrameworkServlet [RMI TCP Connection(1)-172.20.10.2] Completed initialization in 1 ms
2021-03-28 22:57:33,171 INFO org.springframework.scheduling.concurrent.ExecutorConfigurationSupport [SpringContextShutdownHook] Shutting down ExecutorService 'taskScheduler'
2021-03-28 22:57:33,174 INFO org.springframework.scheduling.concurrent.ExecutorConfigurationSupport [SpringContextShutdownHook] Shutting down ExecutorService 'applicationTaskExecutor'
2021-03-28 22:57:38,087 INFO org.springframework.boot.StartupInfoLogger [main] Starting Application using Java 11.0.6 on i-mb-0038-yonim with PID 21856 (/Users/iwu/micrometer-demo/target/classes started by iwu in /Users/iwu/micrometer-demo)
2021-03-28 22:57:38,090 INFO org.springframework.boot.SpringApplication [main] No active profile set, falling back to default profiles: default
2021-03-28 22:57:39,227 INFO org.springframework.boot.web.embedded.tomcat.TomcatWebServer [main] Tomcat initialized with port(s): 8080 (http)
2021-03-28 22:57:39,235 INFO org.apache.juli.logging.DirectJDKLog [main] Initializing ProtocolHandler ["http-nio-8080"]
2021-03-28 22:57:39,235 INFO org.apache.juli.logging.DirectJDKLog [main] Starting service [Tomcat]
2021-03-28 22:57:39,236 INFO org.apache.juli.logging.DirectJDKLog [main] Starting Servlet engine: [Apache Tomcat/9.0.41]
2021-03-28 22:57:39,316 INFO org.apache.juli.logging.DirectJDKLog [main] Initializing Spring embedded WebApplicationContext
2021-03-28 22:57:39,316 INFO org.springframework.boot.web.servlet.context.ServletWebServerApplicationContext [main] Root WebApplicationContext: initialization completed in 1180 ms
2021-03-28 22:57:39,703 INFO org.springframework.scheduling.concurrent.ExecutorConfigurationSupport [main] Initializing ExecutorService 'applicationTaskExecutor'
2021-03-28 22:57:39,960 INFO org.springframework.scheduling.concurrent.ExecutorConfigurationSupport [main] Initializing ExecutorService 'taskScheduler'
2021-03-28 22:57:39,966 INFO org.springframework.boot.actuate.endpoint.web.EndpointLinksResolver [main] Exposing 2 endpoint(s) beneath base path '/actuator'
2021-03-28 22:57:39,992 INFO org.apache.juli.logging.DirectJDKLog [main] Starting ProtocolHandler ["http-nio-8080"]
2021-03-28 22:57:40,011 INFO org.springframework.boot.web.embedded.tomcat.TomcatWebServer [main] Tomcat started on port(s): 8080 (http) with context path ''
2021-03-28 22:57:40,027 INFO org.springframework.boot.StartupInfoLogger [main] Started Application in 2.356 seconds (JVM running for 3.889)
2021-03-28 22:57:40,240 INFO org.apache.juli.logging.DirectJDKLog [RMI TCP Connection(3)-172.20.10.2] Initializing Spring DispatcherServlet 'dispatcherServlet'
2021-03-28 22:57:40,241 INFO org.springframework.web.servlet.FrameworkServlet [RMI TCP Connection(3)-172.20.10.2] Initializing Servlet 'dispatcherServlet'
2021-03-28 22:57:40,242 INFO org.springframework.web.servlet.FrameworkServlet [RMI TCP Connection(3)-172.20.10.2] Completed initialization in 1 ms
2021-03-28 23:25:33,167 INFO org.springframework.scheduling.concurrent.ExecutorConfigurationSupport [SpringContextShutdownHook] Shutting down ExecutorService 'taskScheduler'
2021-03-28 23:25:33,171 INFO org.springframework.scheduling.concurrent.ExecutorConfigurationSupport [SpringContextShutdownHook] Shutting down ExecutorService 'applicationTaskExecutor'
